TN:
SF:Bank.js
FN:2,(anonymous_0)
FN:7,(anonymous_1)
FN:11,(anonymous_2)
FN:23,(anonymous_3)
FN:43,(anonymous_4)
FN:45,(anonymous_5)
FN:55,(anonymous_6)
FNF:7
FNH:7
FNDA:13,(anonymous_0)
FNDA:8,(anonymous_1)
FNDA:11,(anonymous_2)
FNDA:6,(anonymous_3)
FNDA:2,(anonymous_4)
FNDA:4,(anonymous_5)
FNDA:2,(anonymous_6)
DA:3,13
DA:4,13
DA:8,8
DA:12,11
DA:14,11
DA:15,11
DA:24,6
DA:25,6
DA:27,6
DA:28,2
DA:30,4
DA:33,6
DA:34,6
DA:44,2
DA:45,2
DA:46,4
DA:47,3
DA:49,1
DA:52,2
DA:56,2
DA:57,2
DA:61,1
LF:22
LH:22
BRDA:27,0,0,2
BRDA:27,0,1,4
BRDA:46,1,0,3
BRDA:46,1,1,1
BRF:4
BRH:4
end_of_record
